<?xml version='1.0'?>
<ns2:test-suite xmlns:ns2='urn:model.allure.qatools.yandex.ru' start='1677151334695' stop='1677151334710'>
    <name>The Orange HRM Website: As a user, I can log into the HRM apppication.</name>
    <title>The Orange HRM Website: As a user, I can log into the HRM apppication.</title>
    <test-cases>
        <test-case start='1677151334696' status='passed' stop='1677151334700'>
            <name></name>
            <title></title>
            <labels>
                <label name='language' value='javascript'/>
                <label name='framework' value='wdio'/>
                <label name='thread' value='0-0'/>
            </labels>
            <parameters>
                <parameter kind='argument' name='browser' value='chrome-110.0.5481.104'/>
            </parameters>
            <steps/>
            <attachments/>
        </test-case>
        <test-case start='1677151334701' status='broken' stop='1677151334704'>
            <name>Given I am on the login page url https://opensource-demo.orangehrmlive.com/web/index.php/auth/login</name>
            <title>Given I am on the login page url https://opensource-demo.orangehrmlive.com/web/index.php/auth/login</title>
            <labels>
                <label name='language' value='javascript'/>
                <label name='framework' value='wdio'/>
                <label name='thread' value='0-0'/>
            </labels>
            <parameters>
                <parameter kind='argument' name='browser' value='chrome-110.0.5481.104'/>
            </parameters>
            <steps/>
            <attachments/>
            <failure>
                <message>Step "I am on the login page url https://opensource-demo.orangehrmlive.com/web/index.php/auth/login" is not defined. You can ignore this error by setting cucumberOpts.ignoreUndefinedDefinitions as true.</message>
                <stack-trace>Step "I am on the login page url https://opensource-demo.orangehrmlive.com/web/index.php/auth/login" is not defined. You can ignore this error by setting cucumberOpts.ignoreUndefinedDefinitions as true.
                	at Feature(D:\assignment\features\step-definitions\Home.feature):1:1
                	at Scenario(As a user, I can log into the HRM apppication.):3:3
                	at Step(I am on the login page url &lt;loginpageurl>):5:5
                </stack-trace>
            </failure>
        </test-case>
        <test-case start='1677151334704' status='pending' stop='1677151334706'>
            <name>Then I login with Admin and admin123</name>
            <title>Then I login with Admin and admin123</title>
            <labels>
                <label name='language' value='javascript'/>
                <label name='framework' value='wdio'/>
                <label name='thread' value='0-0'/>
            </labels>
            <parameters>
                <parameter kind='argument' name='browser' value='chrome-110.0.5481.104'/>
            </parameters>
            <steps/>
            <attachments/>
        </test-case>
        <test-case start='1677151334706' status='broken' stop='1677151334707'>
            <name>Then I should see a home dashboard.</name>
            <title>Then I should see a home dashboard.</title>
            <labels>
                <label name='language' value='javascript'/>
                <label name='framework' value='wdio'/>
                <label name='thread' value='0-0'/>
            </labels>
            <parameters>
                <parameter kind='argument' name='browser' value='chrome-110.0.5481.104'/>
            </parameters>
            <steps/>
            <attachments/>
            <failure>
                <message>Step "I should see a home dashboard." is not defined. You can ignore this error by setting cucumberOpts.ignoreUndefinedDefinitions as true.</message>
                <stack-trace>Step "I should see a home dashboard." is not defined. You can ignore this error by setting cucumberOpts.ignoreUndefinedDefinitions as true.
                	at Feature(D:\assignment\features\step-definitions\Home.feature):1:1
                	at Scenario(As a user, I can log into the HRM apppication.):3:3
                	at Step(I should see a home dashboard.):7:5
                </stack-trace>
            </failure>
        </test-case>
        <test-case start='1677151334707' status='passed' stop='1677151334708'>
            <name></name>
            <title></title>
            <labels>
                <label name='language' value='javascript'/>
                <label name='framework' value='wdio'/>
                <label name='thread' value='0-0'/>
            </labels>
            <parameters>
                <parameter kind='argument' name='browser' value='chrome-110.0.5481.104'/>
            </parameters>
            <steps/>
            <attachments/>
        </test-case>
    </test-cases>
</ns2:test-suite>